18:14:07.459 [ApplicationImpl pooled thread 141] INFO  c.b.l.BrowserStackRunExtension - testng
18:14:07.467 [ApplicationImpl pooled thread 141] INFO  com.browserstack.utils.Helpers - null
18:14:07.469 [ApplicationImpl pooled thread 141] INFO  c.b.l.BrowserStackRunExtension - Agent path: null
18:16:06.218 [ApplicationImpl pooled thread 155] INFO  c.b.l.BrowserStackRunExtension - testng
18:16:06.218 [ApplicationImpl pooled thread 155] INFO  com.browserstack.utils.Helpers - null
18:16:06.236 [ApplicationImpl pooled thread 155] INFO  c.b.l.BrowserStackRunExtension - Agent path: null
18:25:55.541 [AWT-EventQueue-0] INFO  c.b.actions.EnableBrowserStack - Setting enable browserstack run update
18:25:55.543 [AWT-EventQueue-0] INFO  com.browserstack.utils.Helpers - C:/Users/EL-BOSTAN/.m2/repository/com/browserstack/browserstack-java-sdk/1.32.9/browserstack-java-sdk-1.32.9.jar
18:25:55.544 [AWT-EventQueue-0] INFO  com.browserstack.utils.Helpers - null
18:25:55.606 [AWT-EventQueue-0] INFO  c.b.actions.DisableBrowserStack - Setting disable browserstack run update
18:25:55.607 [AWT-EventQueue-0] INFO  com.browserstack.utils.Helpers - C:/Users/EL-BOSTAN/.m2/repository/com/browserstack/browserstack-java-sdk/1.32.9/browserstack-java-sdk-1.32.9.jar
18:25:55.608 [AWT-EventQueue-0] INFO  com.browserstack.utils.Helpers - null
18:27:27.683 [ApplicationImpl pooled thread 170] INFO  c.b.l.BrowserStackRunExtension - testng
18:27:27.683 [ApplicationImpl pooled thread 170] INFO  com.browserstack.utils.Helpers - null
18:27:27.684 [ApplicationImpl pooled thread 170] INFO  com.browserstack.utils.Helpers - C:/Users/EL-BOSTAN/.m2/repository/com/browserstack/browserstack-java-sdk/1.32.9/browserstack-java-sdk-1.32.9.jar
18:27:27.684 [ApplicationImpl pooled thread 170] INFO  c.b.l.BrowserStackRunExtension - Agent path: C:/Users/EL-BOSTAN/.m2/repository/com/browserstack/browserstack-java-sdk/1.32.9/browserstack-java-sdk-1.32.9.jar
18:27:27.685 [ApplicationImpl pooled thread 170] INFO  c.b.l.BrowserStackRunExtension - Adding Browserstack SDK javaagent argline
18:27:27.685 [ApplicationImpl pooled thread 170] INFO  c.b.l.BrowserStackRunExtension - Plugin version: v1.1.6
18:38:24.943 [ApplicationImpl pooled thread 190] INFO  c.b.l.BrowserStackRunExtension - testng
18:38:24.944 [ApplicationImpl pooled thread 190] INFO  com.browserstack.utils.Helpers - null
18:38:24.949 [ApplicationImpl pooled thread 190] INFO  com.browserstack.utils.Helpers - C:/Users/EL-BOSTAN/.m2/repository/com/browserstack/browserstack-java-sdk/1.32.9/browserstack-java-sdk-1.32.9.jar
18:38:24.950 [ApplicationImpl pooled thread 190] INFO  c.b.l.BrowserStackRunExtension - Agent path: C:/Users/EL-BOSTAN/.m2/repository/com/browserstack/browserstack-java-sdk/1.32.9/browserstack-java-sdk-1.32.9.jar
18:38:24.953 [ApplicationImpl pooled thread 190] INFO  c.b.l.BrowserStackRunExtension - Adding Browserstack SDK javaagent argline
18:38:24.953 [ApplicationImpl pooled thread 190] INFO  c.b.l.BrowserStackRunExtension - Plugin version: v1.1.6
18:39:26.223 [ApplicationImpl pooled thread 173] INFO  c.b.l.BrowserStackRunExtension - testng
18:39:26.224 [ApplicationImpl pooled thread 173] INFO  com.browserstack.utils.Helpers - null
18:39:26.225 [ApplicationImpl pooled thread 173] INFO  com.browserstack.utils.Helpers - C:/Users/EL-BOSTAN/.m2/repository/com/browserstack/browserstack-java-sdk/1.32.9/browserstack-java-sdk-1.32.9.jar
18:39:26.225 [ApplicationImpl pooled thread 173] INFO  c.b.l.BrowserStackRunExtension - Agent path: C:/Users/EL-BOSTAN/.m2/repository/com/browserstack/browserstack-java-sdk/1.32.9/browserstack-java-sdk-1.32.9.jar
18:39:26.225 [ApplicationImpl pooled thread 173] INFO  c.b.l.BrowserStackRunExtension - Adding Browserstack SDK javaagent argline
18:39:26.225 [ApplicationImpl pooled thread 173] INFO  c.b.l.BrowserStackRunExtension - Plugin version: v1.1.6
19:24:11.100 [ApplicationImpl pooled thread 236] INFO  c.b.l.BrowserStackRunExtension - testng
19:24:11.100 [ApplicationImpl pooled thread 236] INFO  com.browserstack.utils.Helpers - null
19:24:11.102 [ApplicationImpl pooled thread 236] INFO  com.browserstack.utils.Helpers - C:/Users/EL-BOSTAN/.m2/repository/com/browserstack/browserstack-java-sdk/1.32.9/browserstack-java-sdk-1.32.9.jar
19:24:11.102 [ApplicationImpl pooled thread 236] INFO  c.b.l.BrowserStackRunExtension - Agent path: C:/Users/EL-BOSTAN/.m2/repository/com/browserstack/browserstack-java-sdk/1.32.9/browserstack-java-sdk-1.32.9.jar
19:24:11.103 [ApplicationImpl pooled thread 236] INFO  c.b.l.BrowserStackRunExtension - Adding Browserstack SDK javaagent argline
19:24:11.103 [ApplicationImpl pooled thread 236] INFO  c.b.l.BrowserStackRunExtension - Plugin version: v1.1.6
19:44:13.513 [ApplicationImpl pooled thread 253] INFO  c.b.l.BrowserStackRunExtension - testng
19:44:13.514 [ApplicationImpl pooled thread 253] INFO  com.browserstack.utils.Helpers - null
19:44:13.517 [ApplicationImpl pooled thread 253] INFO  com.browserstack.utils.Helpers - C:/Users/EL-BOSTAN/.m2/repository/com/browserstack/browserstack-java-sdk/1.32.9/browserstack-java-sdk-1.32.9.jar
19:44:13.518 [ApplicationImpl pooled thread 253] INFO  c.b.l.BrowserStackRunExtension - Agent path: C:/Users/EL-BOSTAN/.m2/repository/com/browserstack/browserstack-java-sdk/1.32.9/browserstack-java-sdk-1.32.9.jar
19:44:13.518 [ApplicationImpl pooled thread 253] INFO  c.b.l.BrowserStackRunExtension - Adding Browserstack SDK javaagent argline
19:44:13.518 [ApplicationImpl pooled thread 253] INFO  c.b.l.BrowserStackRunExtension - Plugin version: v1.1.6
19:46:02.988 [ApplicationImpl pooled thread 257] INFO  c.b.l.BrowserStackRunExtension - testng
19:46:02.989 [ApplicationImpl pooled thread 257] INFO  com.browserstack.utils.Helpers - null
19:46:02.990 [ApplicationImpl pooled thread 257] INFO  com.browserstack.utils.Helpers - C:/Users/EL-BOSTAN/.m2/repository/com/browserstack/browserstack-java-sdk/1.32.9/browserstack-java-sdk-1.32.9.jar
19:46:02.990 [ApplicationImpl pooled thread 257] INFO  c.b.l.BrowserStackRunExtension - Agent path: C:/Users/EL-BOSTAN/.m2/repository/com/browserstack/browserstack-java-sdk/1.32.9/browserstack-java-sdk-1.32.9.jar
19:46:02.990 [ApplicationImpl pooled thread 257] INFO  c.b.l.BrowserStackRunExtension - Adding Browserstack SDK javaagent argline
19:46:02.991 [ApplicationImpl pooled thread 257] INFO  c.b.l.BrowserStackRunExtension - Plugin version: v1.1.6
19:52:19.508 [AWT-EventQueue-0] INFO  c.b.actions.DisableBrowserStack - Setting disable browserstack run update
19:52:19.510 [AWT-EventQueue-0] INFO  com.browserstack.utils.Helpers - C:/Users/EL-BOSTAN/.m2/repository/com/browserstack/browserstack-java-sdk/1.32.9/browserstack-java-sdk-1.32.9.jar
19:52:19.510 [AWT-EventQueue-0] INFO  com.browserstack.utils.Helpers - null
19:52:19.540 [AWT-EventQueue-0] INFO  c.b.actions.EnableBrowserStack - Setting enable browserstack run update
19:52:19.541 [AWT-EventQueue-0] INFO  com.browserstack.utils.Helpers - C:/Users/EL-BOSTAN/.m2/repository/com/browserstack/browserstack-java-sdk/1.32.9/browserstack-java-sdk-1.32.9.jar
19:52:19.541 [AWT-EventQueue-0] INFO  com.browserstack.utils.Helpers - null
19:54:09.919 [AWT-EventQueue-0] INFO  c.b.launchers.LaunchMavenCommand - Integrate source: java:appium-intellij:v1.1.6
19:54:09.919 [AWT-EventQueue-0] INFO  c.b.launchers.LaunchMavenCommand - Executing maven archetype command - browserstack-sdk-archetype-integrate
19:54:10.151 [ApplicationImpl pooled thread 257] INFO  c.b.l.BrowserStackRunExtension - maven
19:54:10.152 [ApplicationImpl pooled thread 257] INFO  com.browserstack.utils.Helpers - null
19:55:07.670 [java.exe] INFO  c.b.launchers.LaunchMavenCommand - Completed maven archetype command
19:55:48.568 [AWT-EventQueue-0] INFO  c.b.actions.EnableBrowserStack - Setting enable browserstack run update
19:55:48.571 [AWT-EventQueue-0] INFO  com.browserstack.utils.Helpers - C:/Users/EL-BOSTAN/.m2/repository/com/browserstack/browserstack-java-sdk/1.32.9/browserstack-java-sdk-1.32.9.jar
19:55:48.572 [AWT-EventQueue-0] INFO  com.browserstack.utils.Helpers - true
19:55:48.616 [AWT-EventQueue-0] INFO  c.b.actions.DisableBrowserStack - Setting disable browserstack run update
19:55:48.618 [AWT-EventQueue-0] INFO  com.browserstack.utils.Helpers - C:/Users/EL-BOSTAN/.m2/repository/com/browserstack/browserstack-java-sdk/1.32.9/browserstack-java-sdk-1.32.9.jar
19:55:48.618 [AWT-EventQueue-0] INFO  com.browserstack.utils.Helpers - true
19:56:19.279 [AWT-EventQueue-0] INFO  c.b.launchers.LaunchMavenCommand - Integrate source: java:appium-intellij:v1.1.6
19:56:19.280 [AWT-EventQueue-0] INFO  c.b.launchers.LaunchMavenCommand - Executing maven archetype command - browserstack-sdk-archetype-integrate
19:56:19.390 [ApplicationImpl pooled thread 262] INFO  c.b.l.BrowserStackRunExtension - maven
19:56:19.390 [ApplicationImpl pooled thread 262] INFO  com.browserstack.utils.Helpers - true
19:57:22.683 [java.exe] INFO  c.b.launchers.LaunchMavenCommand - Completed maven archetype command
20:19:18.261 [ApplicationImpl pooled thread 293] INFO  c.b.l.BrowserStackRunExtension - testng
20:19:18.261 [ApplicationImpl pooled thread 293] INFO  com.browserstack.utils.Helpers - true
20:19:18.264 [ApplicationImpl pooled thread 293] INFO  com.browserstack.utils.Helpers - C:/Users/EL-BOSTAN/.m2/repository/com/browserstack/browserstack-java-sdk/1.32.9/browserstack-java-sdk-1.32.9.jar
20:19:18.264 [ApplicationImpl pooled thread 293] INFO  c.b.l.BrowserStackRunExtension - Agent path: C:/Users/EL-BOSTAN/.m2/repository/com/browserstack/browserstack-java-sdk/1.32.9/browserstack-java-sdk-1.32.9.jar
20:19:18.264 [ApplicationImpl pooled thread 293] INFO  c.b.l.BrowserStackRunExtension - Replacing existing Browserstack SDK javaagent argline
20:19:18.268 [ApplicationImpl pooled thread 293] INFO  c.b.l.BrowserStackRunExtension - Plugin version: v1.1.6
20:21:19.766 [ApplicationImpl pooled thread 293] INFO  c.b.l.BrowserStackRunExtension - testng
20:21:19.766 [ApplicationImpl pooled thread 293] INFO  com.browserstack.utils.Helpers - true
20:21:19.769 [ApplicationImpl pooled thread 293] INFO  com.browserstack.utils.Helpers - C:/Users/EL-BOSTAN/.m2/repository/com/browserstack/browserstack-java-sdk/1.32.9/browserstack-java-sdk-1.32.9.jar
20:21:19.770 [ApplicationImpl pooled thread 293] INFO  c.b.l.BrowserStackRunExtension - Agent path: C:/Users/EL-BOSTAN/.m2/repository/com/browserstack/browserstack-java-sdk/1.32.9/browserstack-java-sdk-1.32.9.jar
20:21:19.770 [ApplicationImpl pooled thread 293] INFO  c.b.l.BrowserStackRunExtension - Replacing existing Browserstack SDK javaagent argline
20:21:19.770 [ApplicationImpl pooled thread 293] INFO  c.b.l.BrowserStackRunExtension - Plugin version: v1.1.6
